<?xml version="1.0" encoding="UTF-8"?>
<!-- Generated by org.testng.reporters.JUnitReportReporter -->
<testsuite skipped="0" hostname="DESKTOP-5G43MJ1" name="qaclickacademy.MavenJava.OneTest" tests="1" failures="0" timestamp="2021-10-17T23:18:33 IST" time="0.009" errors="0">
  <testcase name="one" time="0.009" classname="qaclickacademy.MavenJava.OneTest"/>
  <system-out/>
</testsuite> <!-- qaclickacademy.MavenJava.OneTest -->
