<?xml version="1.0" encoding="UTF-8"?>
<!-- Generated by org.testng.reporters.JUnitReportReporter -->
<testsuite skipped="0" hostname="DESKTOP-5G43MJ1" name="qaclickacademy.MavenJava.Lecture_154_155_ThreeTest" tests="2" failures="0" timestamp="2021-10-18T21:19:40 IST" time="0.001" errors="0">
  <testcase name="three" time="0.000" classname="qaclickacademy.MavenJava.Lecture_154_155_ThreeTest"/>
  <system-out/>
  <testcase name="twoplus" time="0.001" classname="qaclickacademy.MavenJava.Lecture_154_155_ThreeTest"/>
  <system-out/>
</testsuite> <!-- qaclickacademy.MavenJava.Lecture_154_155_ThreeTest -->
